{"/Users/ignatrubis/practicum/group_25/webs/6-testing/src/index.js": {"path":"/Users/ignatrubis/practicum/group_25/webs/6-testing/src/index.js","statementMap":{"0":{"start":{"line":10,"column":0},"end":{"line":19,"column":2}},"1":{"start":{"line":24,"column":0},"end":{"line":24,"column":27}}},"fnMap":{},"branchMap":{},"s":{"0":0,"1":0},"f":{},"b":{}}
,"/Users/ignatrubis/practicum/group_25/webs/6-testing/src/components/Header.js": {"path":"/Users/ignatrubis/practicum/group_25/webs/6-testing/src/components/Header.js","statementMap":{"0":{"start":{"line":10,"column":38},"end":{"line":10,"column":53}},"1":{"start":{"line":12,"column":21},"end":{"line":12,"column":34}},"2":{"start":{"line":13,"column":22},"end":{"line":13,"column":52}},"3":{"start":{"line":15,"column":23},"end":{"line":15,"column":53}},"4":{"start":{"line":15,"column":29},"end":{"line":15,"column":53}},"5":{"start":{"line":16,"column":26},"end":{"line":16,"column":51}},"6":{"start":{"line":16,"column":32},"end":{"line":16,"column":51}},"7":{"start":{"line":18,"column":19},"end":{"line":18,"column":60}},"8":{"start":{"line":20,"column":4},"end":{"line":51,"column":6}}},"fnMap":{"0":{"name":"Header","decl":{"start":{"line":9,"column":9},"end":{"line":9,"column":15}},"loc":{"start":{"line":9,"column":18},"end":{"line":52,"column":1}},"line":9},"1":{"name":"(anonymous_1)","decl":{"start":{"line":15,"column":23},"end":{"line":15,"column":24}},"loc":{"start":{"line":15,"column":29},"end":{"line":15,"column":53}},"line":15},"2":{"name":"(anonymous_2)","decl":{"start":{"line":16,"column":26},"end":{"line":16,"column":27}},"loc":{"start":{"line":16,"column":32},"end":{"line":16,"column":51}},"line":16}},"branchMap":{"0":{"loc":{"start":{"line":13,"column":22},"end":{"line":13,"column":52}},"type":"binary-expr","locations":[{"start":{"line":13,"column":22},"end":{"line":13,"column":46}},{"start":{"line":13,"column":50},"end":{"line":13,"column":52}}],"line":13},"1":{"loc":{"start":{"line":23,"column":18},"end":{"line":23,"column":54}},"type":"cond-expr","locations":[{"start":{"line":23,"column":31},"end":{"line":23,"column":49}},{"start":{"line":23,"column":52},"end":{"line":23,"column":54}}],"line":23},"2":{"loc":{"start":{"line":24,"column":18},"end":{"line":24,"column":50}},"type":"cond-expr","locations":[{"start":{"line":24,"column":27},"end":{"line":24,"column":45}},{"start":{"line":24,"column":48},"end":{"line":24,"column":50}}],"line":24}},"s":{"0":0,"1":0,"2":0,"3":0,"4":0,"5":0,"6":0,"7":0,"8":0},"f":{"0":0,"1":0,"2":0},"b":{"0":[0,0],"1":[0,0],"2":[0,0]}}
,"/Users/ignatrubis/practicum/group_25/webs/6-testing/src/utils/utils.js": {"path":"/Users/ignatrubis/practicum/group_25/webs/6-testing/src/utils/utils.js","statementMap":{"0":{"start":{"line":1,"column":27},"end":{"line":3,"column":1}},"1":{"start":{"line":2,"column":4},"end":{"line":2,"column":73}}},"fnMap":{"0":{"name":"(anonymous_0)","decl":{"start":{"line":1,"column":27},"end":{"line":1,"column":28}},"loc":{"start":{"line":1,"column":36},"end":{"line":3,"column":1}},"line":1}},"branchMap":{"0":{"loc":{"start":{"line":2,"column":11},"end":{"line":2,"column":72}},"type":"cond-expr","locations":[{"start":{"line":2,"column":20},"end":{"line":2,"column":30}},{"start":{"line":2,"column":33},"end":{"line":2,"column":72}}],"line":2}},"s":{"0":1,"1":1},"f":{"0":1},"b":{"0":[1,0]},"_coverageSchema":"1a1c01bbd47fc00a2c39e90264f33305004495a9","hash":"ed19e05f3567651623bb856300c54a249dd06e3b"}
}
